<?xml version="1.0" encoding="UTF-8"?>
<testsuite xmlns:xsi="http://www.w3.org/2001/XMLSchema-instance" xsi:noNamespaceSchemaLocation="https://maven.apache.org/surefire/maven-surefire-plugin/xsd/surefire-test-report-3.0.xsd" version="3.0" name="es.udc.rs.deliveries.test.model.deliveryservice.DeliveryServiceTest" time="0.077" tests="19" errors="0" skipped="0" failures="0">
  <properties>
    <property name="java.specification.version" value="17"/>
    <property name="sun.jnu.encoding" value="UTF-8"/>
    <property name="java.class.path" value="/home/brais/Descargas/IA-DEFINITIVO/ia-05/rs-deliveries-model/target/test-classes:/home/brais/Descargas/IA-DEFINITIVO/ia-05/rs-deliveries-model/target/classes:/home/brais/.m2/repository/es/udc/ws/ws-util/3.7.0/ws-util-3.7.0.jar:/home/brais/.m2/repository/com/fasterxml/jackson/core/jackson-databind/2.15.2/jackson-databind-2.15.2.jar:/home/brais/.m2/repository/com/fasterxml/jackson/core/jackson-annotations/2.15.2/jackson-annotations-2.15.2.jar:/home/brais/.m2/repository/com/fasterxml/jackson/core/jackson-core/2.15.2/jackson-core-2.15.2.jar:/home/brais/.m2/repository/org/apache/thrift/libthrift/0.19.0/libthrift-0.19.0.jar:/home/brais/.m2/repository/org/slf4j/slf4j-api/1.7.36/slf4j-api-1.7.36.jar:/home/brais/.m2/repository/org/apache/httpcomponents/client5/httpclient5/5.2.1/httpclient5-5.2.1.jar:/home/brais/.m2/repository/org/apache/httpcomponents/core5/httpcore5-h2/5.2/httpcore5-h2-5.2.jar:/home/brais/.m2/repository/org/apache/httpcomponents/core5/httpcore5/5.2/httpcore5-5.2.jar:/home/brais/.m2/repository/jakarta/servlet/jakarta.servlet-api/5.0.0/jakarta.servlet-api-5.0.0.jar:/home/brais/.m2/repository/jakarta/annotation/jakarta.annotation-api/2.1.1/jakarta.annotation-api-2.1.1.jar:/home/brais/.m2/repository/org/apache/commons/commons-lang3/3.12.0/commons-lang3-3.12.0.jar:/home/brais/.m2/repository/org/junit/jupiter/junit-jupiter-engine/5.9.3/junit-jupiter-engine-5.9.3.jar:/home/brais/.m2/repository/org/junit/platform/junit-platform-engine/1.9.3/junit-platform-engine-1.9.3.jar:/home/brais/.m2/repository/org/opentest4j/opentest4j/1.2.0/opentest4j-1.2.0.jar:/home/brais/.m2/repository/org/junit/platform/junit-platform-commons/1.9.3/junit-platform-commons-1.9.3.jar:/home/brais/.m2/repository/org/junit/jupiter/junit-jupiter-api/5.9.3/junit-jupiter-api-5.9.3.jar:/home/brais/.m2/repository/org/apiguardian/apiguardian-api/1.1.2/apiguardian-api-1.1.2.jar:"/>
    <property name="java.vm.vendor" value="Eclipse Adoptium"/>
    <property name="sun.arch.data.model" value="64"/>
    <property name="java.vendor.url" value="https://adoptium.net/"/>
    <property name="user.timezone" value="Europe/Madrid"/>
    <property name="os.name" value="Linux"/>
    <property name="java.vm.specification.version" value="17"/>
    <property name="sun.java.launcher" value="SUN_STANDARD"/>
    <property name="user.country" value="ES"/>
    <property name="sun.boot.library.path" value="/home/brais/software/jdk-17.0.4.1+1/lib"/>
    <property name="sun.java.command" value="/home/brais/Descargas/IA-DEFINITIVO/ia-05/rs-deliveries-model/target/surefire/surefirebooter-20231209214219214_3.jar /home/brais/Descargas/IA-DEFINITIVO/ia-05/rs-deliveries-model/target/surefire 2023-12-09T21-42-19_155-jvmRun1 surefire-20231209214219214_1tmp surefire_0-20231209214219214_2tmp"/>
    <property name="jdk.debug" value="release"/>
    <property name="surefire.test.class.path" value="/home/brais/Descargas/IA-DEFINITIVO/ia-05/rs-deliveries-model/target/test-classes:/home/brais/Descargas/IA-DEFINITIVO/ia-05/rs-deliveries-model/target/classes:/home/brais/.m2/repository/es/udc/ws/ws-util/3.7.0/ws-util-3.7.0.jar:/home/brais/.m2/repository/com/fasterxml/jackson/core/jackson-databind/2.15.2/jackson-databind-2.15.2.jar:/home/brais/.m2/repository/com/fasterxml/jackson/core/jackson-annotations/2.15.2/jackson-annotations-2.15.2.jar:/home/brais/.m2/repository/com/fasterxml/jackson/core/jackson-core/2.15.2/jackson-core-2.15.2.jar:/home/brais/.m2/repository/org/apache/thrift/libthrift/0.19.0/libthrift-0.19.0.jar:/home/brais/.m2/repository/org/slf4j/slf4j-api/1.7.36/slf4j-api-1.7.36.jar:/home/brais/.m2/repository/org/apache/httpcomponents/client5/httpclient5/5.2.1/httpclient5-5.2.1.jar:/home/brais/.m2/repository/org/apache/httpcomponents/core5/httpcore5-h2/5.2/httpcore5-h2-5.2.jar:/home/brais/.m2/repository/org/apache/httpcomponents/core5/httpcore5/5.2/httpcore5-5.2.jar:/home/brais/.m2/repository/jakarta/servlet/jakarta.servlet-api/5.0.0/jakarta.servlet-api-5.0.0.jar:/home/brais/.m2/repository/jakarta/annotation/jakarta.annotation-api/2.1.1/jakarta.annotation-api-2.1.1.jar:/home/brais/.m2/repository/org/apache/commons/commons-lang3/3.12.0/commons-lang3-3.12.0.jar:/home/brais/.m2/repository/org/junit/jupiter/junit-jupiter-engine/5.9.3/junit-jupiter-engine-5.9.3.jar:/home/brais/.m2/repository/org/junit/platform/junit-platform-engine/1.9.3/junit-platform-engine-1.9.3.jar:/home/brais/.m2/repository/org/opentest4j/opentest4j/1.2.0/opentest4j-1.2.0.jar:/home/brais/.m2/repository/org/junit/platform/junit-platform-commons/1.9.3/junit-platform-commons-1.9.3.jar:/home/brais/.m2/repository/org/junit/jupiter/junit-jupiter-api/5.9.3/junit-jupiter-api-5.9.3.jar:/home/brais/.m2/repository/org/apiguardian/apiguardian-api/1.1.2/apiguardian-api-1.1.2.jar:"/>
    <property name="sun.cpu.endian" value="little"/>
    <property name="user.home" value="/home/brais"/>
    <property name="user.language" value="es"/>
    <property name="java.specification.vendor" value="Oracle Corporation"/>
    <property name="java.version.date" value="2022-08-12"/>
    <property name="java.home" value="/home/brais/software/jdk-17.0.4.1+1"/>
    <property name="file.separator" value="/"/>
    <property name="basedir" value="/home/brais/Descargas/IA-DEFINITIVO/ia-05/rs-deliveries-model"/>
    <property name="java.vm.compressedOopsMode" value="Zero based"/>
    <property name="line.separator" value="&#10;"/>
    <property name="java.vm.specification.vendor" value="Oracle Corporation"/>
    <property name="java.specification.name" value="Java Platform API Specification"/>
    <property name="surefire.real.class.path" value="/home/brais/Descargas/IA-DEFINITIVO/ia-05/rs-deliveries-model/target/surefire/surefirebooter-20231209214219214_3.jar"/>
    <property name="sun.management.compiler" value="HotSpot 64-Bit Tiered Compilers"/>
    <property name="java.runtime.version" value="17.0.4.1+1"/>
    <property name="user.name" value="brais"/>
    <property name="path.separator" value=":"/>
    <property name="os.version" value="5.19.0-43-generic"/>
    <property name="java.runtime.name" value="OpenJDK Runtime Environment"/>
    <property name="file.encoding" value="UTF-8"/>
    <property name="java.vm.name" value="OpenJDK 64-Bit Server VM"/>
    <property name="java.vendor.version" value="Temurin-17.0.4.1+1"/>
    <property name="localRepository" value="/home/brais/.m2/repository"/>
    <property name="java.vendor.url.bug" value="https://github.com/adoptium/adoptium-support/issues"/>
    <property name="java.io.tmpdir" value="/tmp"/>
    <property name="java.version" value="17.0.4.1"/>
    <property name="user.dir" value="/home/brais/Descargas/IA-DEFINITIVO/ia-05/rs-deliveries-model"/>
    <property name="os.arch" value="amd64"/>
    <property name="java.vm.specification.name" value="Java Virtual Machine Specification"/>
    <property name="native.encoding" value="UTF-8"/>
    <property name="java.library.path" value="/usr/java/packages/lib:/usr/lib64:/lib64:/lib:/usr/lib"/>
    <property name="java.vm.info" value="mixed mode, sharing"/>
    <property name="java.vendor" value="Eclipse Adoptium"/>
    <property name="java.vm.version" value="17.0.4.1+1"/>
    <property name="sun.io.unicode.encoding" value="UnicodeLittle"/>
    <property name="java.class.version" value="61.0"/>
  </properties>
  <testcase name="cancelInvalidShipmentTest" classname="es.udc.rs.deliveries.test.model.deliveryservice.DeliveryServiceTest" time="0.029"/>
  <testcase name="testUpdateNonValidShipmentStatus" classname="es.udc.rs.deliveries.test.model.deliveryservice.DeliveryServiceTest" time="0.002"/>
  <testcase name="findShipmentsbyUserTest" classname="es.udc.rs.deliveries.test.model.deliveryservice.DeliveryServiceTest" time="0.002"/>
  <testcase name="addInvalidShipmentTest" classname="es.udc.rs.deliveries.test.model.deliveryservice.DeliveryServiceTest" time="0.002"/>
  <testcase name="findShipmentsWithoutStatusTest" classname="es.udc.rs.deliveries.test.model.deliveryservice.DeliveryServiceTest" time="0.001"/>
  <testcase name="testUpdateValidShipmentStatus" classname="es.udc.rs.deliveries.test.model.deliveryservice.DeliveryServiceTest" time="0.0"/>
  <testcase name="cancelShipmentTest" classname="es.udc.rs.deliveries.test.model.deliveryservice.DeliveryServiceTest" time="0.0"/>
  <testcase name="testAddCustomerAndFindShipment" classname="es.udc.rs.deliveries.test.model.deliveryservice.DeliveryServiceTest" time="0.001"/>
  <testcase name="testAddCustomersAndFindCustomersByText" classname="es.udc.rs.deliveries.test.model.deliveryservice.DeliveryServiceTest" time="0.001"/>
  <testcase name="testUpdateCustomer" classname="es.udc.rs.deliveries.test.model.deliveryservice.DeliveryServiceTest" time="0.001"/>
  <testcase name="testUpdateInvalidCustomer" classname="es.udc.rs.deliveries.test.model.deliveryservice.DeliveryServiceTest" time="0.001"/>
  <testcase name="testDeleteNonExistentCustomer" classname="es.udc.rs.deliveries.test.model.deliveryservice.DeliveryServiceTest" time="0.001"/>
  <testcase name="findAllShipmentsTest" classname="es.udc.rs.deliveries.test.model.deliveryservice.DeliveryServiceTest" time="0.001"/>
  <testcase name="testAddCustomersAndFindCustomersByInvalidText" classname="es.udc.rs.deliveries.test.model.deliveryservice.DeliveryServiceTest" time="0.001"/>
  <testcase name="testAddCustomerAndFindCustomer" classname="es.udc.rs.deliveries.test.model.deliveryservice.DeliveryServiceTest" time="0.001"/>
  <testcase name="findAllShipmentsWithStatusTest" classname="es.udc.rs.deliveries.test.model.deliveryservice.DeliveryServiceTest" time="0.0"/>
  <testcase name="testAddInvalidCustomer" classname="es.udc.rs.deliveries.test.model.deliveryservice.DeliveryServiceTest" time="0.001"/>
  <testcase name="testDeleteCustomer" classname="es.udc.rs.deliveries.test.model.deliveryservice.DeliveryServiceTest" time="0.001"/>
  <testcase name="testFindNonExistentCustomer" classname="es.udc.rs.deliveries.test.model.deliveryservice.DeliveryServiceTest" time="0.001"/>
</testsuite>